<?xml version="1.0" encoding="UTF-8"?>
<testsuite xmlns:xsi="http://www.w3.org/2001/XMLSchema-instance" xsi:noNamespaceSchemaLocation="https://maven.apache.org/surefire/maven-surefire-plugin/xsd/surefire-test-report-3.0.xsd" version="3.0" name="edu.akka.sample.finance.data.provider.TestTransactionProvider" time="0.02" tests="3" errors="0" skipped="0" failures="0">
  <properties>
    <property name="java.specification.version" value="21"/>
    <property name="sun.jnu.encoding" value="UTF-8"/>
    <property name="java.class.path" value="/Users/cristiano/Workspace/AkkaExample/target/test-classes:/Users/cristiano/Workspace/AkkaExample/target/classes:/Users/cristiano/.m2/repository/com/typesafe/akka/akka-actor-typed_2.13/2.10.5/akka-actor-typed_2.13-2.10.5.jar:/Users/cristiano/.m2/repository/org/scala-lang/scala-library/2.13.15/scala-library-2.13.15.jar:/Users/cristiano/.m2/repository/com/typesafe/akka/akka-actor_2.13/2.10.5/akka-actor_2.13-2.10.5.jar:/Users/cristiano/.m2/repository/com/typesafe/config/1.4.3/config-1.4.3.jar:/Users/cristiano/.m2/repository/com/typesafe/akka/akka-slf4j_2.13/2.10.5/akka-slf4j_2.13-2.10.5.jar:/Users/cristiano/.m2/repository/org/slf4j/slf4j-api/2.0.17/slf4j-api-2.0.17.jar:/Users/cristiano/.m2/repository/org/junit/jupiter/junit-jupiter-api/5.12.2/junit-jupiter-api-5.12.2.jar:/Users/cristiano/.m2/repository/org/opentest4j/opentest4j/1.3.0/opentest4j-1.3.0.jar:/Users/cristiano/.m2/repository/org/junit/platform/junit-platform-commons/1.12.2/junit-platform-commons-1.12.2.jar:/Users/cristiano/.m2/repository/org/apiguardian/apiguardian-api/1.1.2/apiguardian-api-1.1.2.jar:"/>
    <property name="java.vm.vendor" value="Oracle Corporation"/>
    <property name="sun.arch.data.model" value="64"/>
    <property name="java.vendor.url" value="https://java.oracle.com/"/>
    <property name="os.name" value="Mac OS X"/>
    <property name="java.vm.specification.version" value="21"/>
    <property name="sun.java.launcher" value="SUN_STANDARD"/>
    <property name="user.country" value="DE"/>
    <property name="sun.boot.library.path" value="/Users/cristiano/.sdkman/candidates/java/21.0.2-open/lib"/>
    <property name="sun.java.command" value="/Users/cristiano/Workspace/AkkaExample/target/surefire/surefirebooter-20250512193510830_3.jar /Users/cristiano/Workspace/AkkaExample/target/surefire 2025-05-12T19-35-10_792-jvmRun1 surefire-20250512193510830_1tmp surefire_0-20250512193510830_2tmp"/>
    <property name="http.nonProxyHosts" value="local|*.local|169.254/16|*.169.254/16"/>
    <property name="jdk.debug" value="release"/>
    <property name="surefire.test.class.path" value="/Users/cristiano/Workspace/AkkaExample/target/test-classes:/Users/cristiano/Workspace/AkkaExample/target/classes:/Users/cristiano/.m2/repository/com/typesafe/akka/akka-actor-typed_2.13/2.10.5/akka-actor-typed_2.13-2.10.5.jar:/Users/cristiano/.m2/repository/org/scala-lang/scala-library/2.13.15/scala-library-2.13.15.jar:/Users/cristiano/.m2/repository/com/typesafe/akka/akka-actor_2.13/2.10.5/akka-actor_2.13-2.10.5.jar:/Users/cristiano/.m2/repository/com/typesafe/config/1.4.3/config-1.4.3.jar:/Users/cristiano/.m2/repository/com/typesafe/akka/akka-slf4j_2.13/2.10.5/akka-slf4j_2.13-2.10.5.jar:/Users/cristiano/.m2/repository/org/slf4j/slf4j-api/2.0.17/slf4j-api-2.0.17.jar:/Users/cristiano/.m2/repository/org/junit/jupiter/junit-jupiter-api/5.12.2/junit-jupiter-api-5.12.2.jar:/Users/cristiano/.m2/repository/org/opentest4j/opentest4j/1.3.0/opentest4j-1.3.0.jar:/Users/cristiano/.m2/repository/org/junit/platform/junit-platform-commons/1.12.2/junit-platform-commons-1.12.2.jar:/Users/cristiano/.m2/repository/org/apiguardian/apiguardian-api/1.1.2/apiguardian-api-1.1.2.jar:"/>
    <property name="sun.cpu.endian" value="little"/>
    <property name="user.home" value="/Users/cristiano"/>
    <property name="user.language" value="de"/>
    <property name="java.specification.vendor" value="Oracle Corporation"/>
    <property name="java.version.date" value="2024-01-16"/>
    <property name="java.home" value="/Users/cristiano/.sdkman/candidates/java/21.0.2-open"/>
    <property name="file.separator" value="/"/>
    <property name="basedir" value="/Users/cristiano/Workspace/AkkaExample"/>
    <property name="java.vm.compressedOopsMode" value="Zero based"/>
    <property name="line.separator" value="&#10;"/>
    <property name="java.vm.specification.vendor" value="Oracle Corporation"/>
    <property name="java.specification.name" value="Java Platform API Specification"/>
    <property name="apple.awt.application.name" value="ForkedBooter"/>
    <property name="surefire.real.class.path" value="/Users/cristiano/Workspace/AkkaExample/target/surefire/surefirebooter-20250512193510830_3.jar"/>
    <property name="sun.management.compiler" value="HotSpot 64-Bit Tiered Compilers"/>
    <property name="ftp.nonProxyHosts" value="local|*.local|169.254/16|*.169.254/16"/>
    <property name="java.runtime.version" value="21.0.2+13-58"/>
    <property name="user.name" value="cristiano"/>
    <property name="stdout.encoding" value="UTF-8"/>
    <property name="path.separator" value=":"/>
    <property name="os.version" value="15.4.1"/>
    <property name="java.runtime.name" value="OpenJDK Runtime Environment"/>
    <property name="file.encoding" value="UTF-8"/>
    <property name="java.vm.name" value="OpenJDK 64-Bit Server VM"/>
    <property name="localRepository" value="/Users/cristiano/.m2/repository"/>
    <property name="java.vendor.url.bug" value="https://bugreport.java.com/bugreport/"/>
    <property name="java.io.tmpdir" value="/var/folders/_n/3hxplx_5173bp0yjspbvbg6m0000gp/T/"/>
    <property name="idea.version" value="2025.1"/>
    <property name="java.version" value="21.0.2"/>
    <property name="user.dir" value="/Users/cristiano/Workspace/AkkaExample"/>
    <property name="os.arch" value="aarch64"/>
    <property name="java.vm.specification.name" value="Java Virtual Machine Specification"/>
    <property name="native.encoding" value="UTF-8"/>
    <property name="java.library.path" value="/Users/cristiano/Library/Java/Extensions:/Library/Java/Extensions:/Network/Library/Java/Extensions:/System/Library/Java/Extensions:/usr/lib/java:."/>
    <property name="java.vm.info" value="mixed mode, sharing"/>
    <property name="stderr.encoding" value="UTF-8"/>
    <property name="java.vendor" value="Oracle Corporation"/>
    <property name="java.vm.version" value="21.0.2+13-58"/>
    <property name="sun.io.unicode.encoding" value="UnicodeBig"/>
    <property name="socksNonProxyHosts" value="local|*.local|169.254/16|*.169.254/16"/>
    <property name="java.class.version" value="65.0"/>
  </properties>
  <testcase name="testReadBigChunkAtOnce" classname="edu.akka.sample.finance.data.provider.TestTransactionProvider" time="0.01"/>
  <testcase name="testReadBigChuckAfterSomeRead" classname="edu.akka.sample.finance.data.provider.TestTransactionProvider" time="0.001"/>
  <testcase name="testReadAfterAllRead" classname="edu.akka.sample.finance.data.provider.TestTransactionProvider" time="0.001"/>
</testsuite>